[  00000 Itializing cgroup subsys cpuset
[    0.000000] Initializing cgroup subsys cpu
[    0.000000] Initializing cgroup subsys cpuacct
[    0.000000] Linux version 4.4.0-170-generic (buildd@lcy01-amd64-019) (gcc version 5.4.0 20160609 (Ubuntu 5.4.0-6ubuntu1~16.04.12) ) #199-Ubuntu SMP Thu Nov 14 01:45:04 UTC 2019 (Ubuntu 4.4.0-170.199-generic 4.4.200)
[    0.000000] mmnd line:OOIMAGE=/boot/vmlinuz-4.4.0-170-generic root=LABEL=cloudimg-rootfs ro console=tty1 console=ttyS0
[    0.000000] KERNEL supported cpus:
[    0.000000]   Intel GenuineIntel
[    0.000000]   AMD AuthenticAMD
[    0.000000]   Centaur CentaurHauls
[    0.000000] x86/fpu: xstate_offset[2]:  576, xstate_sizes[2]:  256
[    0.000000] x86/fpu: Supporting XSAVE feature 0x01: 'x87 floating point registers'
[    0.000000] x86/fpu: Supporting XSAVE feature 0x02: 'SSSE registers'
[    0.000000] x86/fpu: Supporting XSAVE feature 0x04: 'AVX registers'
[    0.000000] x86/fpu: Enabled xstate features 0x7, context size is 832 bytes, using 'standard' format.
[    0.000000] e820: BIOS-provided physical RAM map:
[    0.000000] BIOS-e820: [mem 0x0000000000000000-0x000000000009fbff] usable
[    0.000000] BIOS-e820: [mem 0x000000000009fc00-0x000000000009ffff] reserved
[    0.000000] BIOS-e820: [mem 0x00000000000f0000-0x00000000000fffff] reserved
[    0.000000] BIOS-e820: [mem 0x0000000000100000-0x000000003ffeffff] usable
[    0.000000] BIOS-e820: [mem 0x000000003fff0000-0x000000003fffffff] ACPI data
[    0.000000] BIOS-e820: [mem 0x00000000fec00000-0x00000000fec00fff] reserved
[    0.000000] BIOS-e820: [mem 0x00000000fee00000-0x00000000fee00fff] reserved
[    0.000000] BIOS-e820: [mem 0x00000000fffc0000-0x00000000ffffffff] reserved
[    0.000000] NX (Execute Disable) protection: active
[    0.000000] SMBIOS 2.5 present.
[    0.000000] Hypervisor detected: KVM
[    0.000000] e820: last_pfn = 0x3fff0 max_arch_pfn = 0x400000000
[    0.000000] MTRR: Disabled
[    0.000000] x86/PAT: MTRRs disabled, skipping PAT initialization too.
[    0.000000] CPU MTRRs all blank - virtualized system.
[  0000000] x86/PAT: Configuration [0-7]: WB  WT  UC- UC  WB  WT  UC- UC  
[    0.000000] found SMP MP-table at [mem 0x0009fff0-0x0009ffff] mapped at [ffff88000009fff0]
[    0.000000] Scanning 1 areas for low memory corruption
[    0.000000] RAMDISK: [mem 0x362f4000-0x37171fff]
[    0.000000] ACPI: Early table checksum verification disabled
[    0.000000] ACPI: RSDP 0x00000000000E0000 000024 (v02 VBOX  )
[    0.000000] ACPI: XSDT 0x000000003FFF0030 00003C (v01 VBOX   VBOXXSDT 00000001 ASL  00000061)
[    0.000000] ACPI: FACP 0x000000003FFF00F0 0000F4 (v04 VBOX   VBOXFACP 00000001 ASL  00000061)
[    0.000000] ACPI: DSDT 0x000000003FFF0470 0021FF (v02 VBOX   VBOXBIOS 00000002 INTL 20100528)
[    0.0000 ACPI: FACS 0x000000003FFF0200 000040
[  000000] ACPI: FACS 0x000000003FFF0200 000040
[    0.000000] ACPI: APIC 0x000000003FFF0240 00005C (v02 VBOX   VBOXAPIC 00000001 ASL  00000061)
[    0.000000] ACPI: SSDT 0x000000003FFF02A0 0001CC (v01 VBOX   VBOXCPUT 00000002 INTL 20100528)
[    0.000000] No NUMA configuration found
[    0.000000] Faking a node at [mem 0x0000000000000000-0x000000003ffeffff]
[    0.000000] NODE_DATA(0) allocated [mem 0x3ffeb000-0x3ffeffff]
[    0.000000] kvm-clock: Using msrs 4b564d01 and 4b564d00
[    0.000000] kvm-clock: cpu 0, msr 0:3ffe3001, primary cpu clock
[    0.000000] kvm-clock: using sched offset of 3445341967 cycles
[    0.000000] clocksource: kvm-clock: mask: 0xffffffffffffffff max_cycles: 0x1cd42ee4dffb, max_idle_ns: 881590591483 ns
[    0.000000] Zone ranges:
[    0.000000]   DMA      [mem 0x0000000000001000-0x0000000000ffffff]
[    0.000000]   DMA32    [mem 0x0000000001000000-0x000003feffff]
[    0.000000]   Normal   empty
[    0.000000]   Device   empty
[    0.000000] Movablzone start for each node
[    0.000000] Early memory node ranges
[    0.000000]   node   0: [mem 0x0000000000001000-0x000000000009efff]
[    0.000000]   node   0: [mem 0x0000000000100000-0x000000003ffeffff]
[    0.000000] Initmem setup node 0 [mem 0x0000000000001000-0x000000003ffeffff]
[    0.000000] ACPI: PM-Timer IO Port: 0x4008
[   0.00] IOAPIC[0]: apic_id 2, version 32, address 0xfec00000, GSI 0-23
[    0.000000] ACPI: INT_SRC_OVR (bus 0 bus_irq 0 global_irq 2 dfl dfl)
[    0.000000] ACPI: INT_SRC_OVR (bus 0 bus_irq 9 global_irq 9 low level)
[    0.000000] Using ACPI (MADT) for SMP configuration information
[    0.000000] smpboot: Allowing 2 CPUs, 0 hotplug CPUs
[    0.000000] PM: Registered nosave memory: [mem 0x00000000-0x00000fff]
[    0.000000] PM: Registered nosave memory: [mem 0x0009f000-0x0009ffff]
[    0.000000] PM: Registered nosave memory: [mem 0x000a0000-0x000effff]
[    0.000000] PM: Registered nosave memory: [mem 0x000f0000-0x000fffff]
[    0.000000] e820: [mem 0x40000000-0xfebfffff] available for PCI devices
[    0.000000] Booting paravirtualized kernel on KVM
[    0.000000] clocksource: refined-jiffies: mask: 0xffffffff max_cycles: 0xffffffff, max_idle_ns: 7645519600211568 ns
[    0.000000] setup_percpu: NR_CPUS:512 nr_cpumask_bits:512 nr_cpu_ids:2 nr_node_ids:1
[    0.000000] PERCPU: Embedded 33 pages/cpu @ffff88003fc00000 s95448 r8192 d31528 u1048576
[    0.000000] Built 1 zonelists in Node order, mobility grouping on.  Total pages: 257912
[    0.000000] Policy zone: DMA32
[    0.000000] Kernel command line: BOOT_IMAGE=/boot/vmlinuz-4.4.0-170-generic root=LABEL=cloudimg-rootfs ro console=tty1 console=ttyS0
[    0.000000] PID hash table entries: 4096 (order: 3, 32768 bytes)
[    0.000000] Memory: 997716K/1048120K available (8626K kernel code, 1336K rwdata, 4036K rodata, 1488K init, 1288K bss, 50404K reserved, 0K cma-reserved)
[    0.000000] SLUB: HWalign=64, Order=0-3, MinObjects=0, CPUs=2, Nodes=1
[    0.000000] Kernel/User page tables isolation: enabled
[    0.000000] Hierarchical RCU implementation.
[    0.000000] 	Build-time adjustment of leaf fanout to 64.
[    0.000000] 	RCU restricting CPUs from NR_CPUS=512 to nr_cpu_ids=2.
[    0.000000] RCU: Adjusting geometry for rcu_fanout_leaf=64, nr_cpu_ids=2
[    0.000000] NR_IRQS:33024 nr_irqs:440 16
[    0.000000] Console: colour VGA+ 80x25
[    0.000000] console [tty1] enabled
[    0.000000] console [ttyS0] enabled
[    0.000000] tsc: Detected 2712.000 MHz processor
[    0.650918] Calibrating delay loop (skipped) preset value.. 5424.00 BogoMIPS (lpj=10848000)
[    0.652522] pid_max: default: 32768 minimum: 301
[    0.653391] ACPI: Core revision 20150930
[    0.655022] ACPI: 2 ACPI AML tables successfully acquired and loaded
[    0.656283] Security Framework initialized
[    0.659536] Yama: becoming mindful.
[    0.660259] AppArmor: AppArmor initialized
[    0.661114] Dentry cache hash table entries: 131072 (order: 8, 1048576 bytes)
[    0.672236] Inode-cache hash table entries: 65536 (order: 7, 524288 bytes)
[    0.673595] Mount-cache hash table entries: 2048 (order: 2, 16384 bytes)
[    0.674776] Mountpoint-cache hash table entries: 2048 (order: 2, 16384 bytes)
[    0.676099] Initializing cgroup subsys io
[    0.676875] Initializing cgroup subsys memory
[    0.677691] Initializing cgroup subsys devices
[    0.678544] Initializing cgroup subsys freezer
[    0.679368] Initializing cgroup subsys net_cls
[    0.680214] Initializing cgroup subsys perf_event
[    0.681073] Initializing cgroup subsys net_prio
[    0.681916] Initializing cgroup subsys hugetlb
[    0.682839] Initializing cgroup subsys pids
[    0.685349] mce: CPU supports 0 MCE banks
[    0.686138] Last level iTLB entries: 4KB 64, 2MB 8, 4MB 8
[    0.687124] Last level dTLB entries: 4KB 64, 2MB 0, 4MB 0, 1GB 4
[    0.688152] Spectre V1 : Mitigation: usercopy/swapgs barriers and __user pointer sanitization
[    0.689698] Spectre V2 : Mitigation: Full generic retpoline
[    0.690696] Spectre V2 : Spectre v2 / SpectreRSB mitigation: Filling RSB on context switch
[    0.692251] Speculative Store Bypass: Vulnerable
[    0.693183] MDS: Vulnerable: Clear CPU buffers attempted, no microcode
[    0.696770] Freeing SMP alternatives memory: 36K
[    0.703139] ftrace: allocating 32302 entries in 127 pages
[    0.762018] smpboot: APIC(0) Converting physical 0 to logical package 0
[    0.763292] smpboot: Max logical packages: 1
[    0.764385] x2apic enabled
[    0.765214] Switched APIC routing to physical x2apic.
[    0.767235] ..TIMER: vector=0x30 apic1=0 pin1=2 apic2=-1 pin2=-1
[    0.876406] smpboot: CPU0: Intel(R) Core(TM) i5-7200U CPU @ 2.50GHz (family: 0x6, model: 0x8e, stepping: 0x9)
[    0.880245] Performance Events: unsupported p6 CPU model 142 no PMU driver, software events only.
[    0.892532] KVM setup paravirtual spinlock
[    0.947005] x86: Booting SMP configuration:
[    0.954485] .... node  #0, CPUs:      #1
[    0.962710] kvm-clock: cpu 1, msr 0:3ffe3041, secondary cpu clock
[    0.979477] mce: CPU supports 0 MCE banks
[    0.982193] x86: Booted up 1 node, 2 CPUs
[    0.983859] smpboot: Total of 2 processors activated (10848.00 BogoMIPS)
[    0.985743] devtmpfs: initialized
[    0.988631] evm: security.selinux
[    0.989593] evm: security.SMACK64
[    0.990731] evm: security.SMACK64EXEC
[    0.993968] evm: security.SMACK64TRANSMUTE
[    1.018278] evm: security.SMACK64MMAP
[    1.026715] evm: security.ima
[    1.027577] evm: security.capability
[    1.028892] clocksource: jiffies: mask: 0xffffffff max_cycles: 0xffffffff, max_idle_ns: 7645041785100000 ns
[    1.031420] futex hash table entries: 512 (order: 3, 32768 bytes)
[    1.032905] pinctrl core: initialized pinctrl subsystem
[    1.034014] RTC time: 11:56:44, date: 12/17/19
[    1.041423] NET: Registered protocol family 16
[    1.053547] cpuidle: using governor ladder
[    1.066975] cpuidle: using governor menu
[    1.068044] PCCT header not found.
[    1.069103] ACPI: bus type PCI registered
[    1.070122] acpiphp: ACPI Hot Plug PCI Controller Driver version: 0.5
[    1.083105] PCI: Using configuration type 1 for base access
[    1.095479] ACPI: Added _OSI(Module Device)
[    1.096797] ACPI: Added _OSI(Processor Device)
[    1.098077] ACPI: Added _OSI(3.0 _SCP Extensions)
[    1.099390] ACPI: Added _OSI(Processor Aggregator Device)
[    1.101609] ACPI: Executed 1 blocks of module-level executable AML code
[    1.111968] ACPI: Interpreter enabled
[    1.112899] ACPI: (supports S0 S5)
[    1.113799] ACPI: Using IOAPIC for interrupt routing
[    1.115153] PCI: Using host bridge windows from ACPI; if necessary, use "pci=nocrs" and report a bug
[    1.123785] ACPI: PCI Root Bridge [PCI0] (domain 0000 [bus 00-ff])
[    1.125358] acpi PNP0A03:00: _OSC: OS supports [ASPM ClockPM Segments MSI]
[    1.126951] acpi PNP0A03:00: _OSC: not requesting OS control; OS requires [ExtendedConfig ASPM ClockPM MSI]
[    1.129201] acpi PNP0A03:00: fail to add MMCONFIG information, can't access extended PCI configuration space under this bridge.
[    1.132512] PCI host bridge to bus 0000:00
[    1.133575] pci_bus 0000:00: root bus resource [io  0x0000-0x0cf7 window]
[    1.134809] pci_bus 0000:00: root bus resource [io  0x0d00-0xffff window]
[    1.136232] pci_bus 0000:00: root bus resource [mem 0x000a0000-0x000bffff window]
[    1.138455] pci_bus 0000:00: root bus resource [mem 0x40000000-0xfdffffff window]
[    1.140101] pci_bus 0000:00: root bus resource [bus 00-ff]
[    1.150050] pci 0000:00:01.1: legacy IDE quirk: reg 0x10: [io  0x01f0-0x01f7]
[    1.161066] pci 0000:00:01.1: legacy IDE quirk: reg 0x14: [io  0x03f6]
[    1.175031] pci 0000:00:01.1: legacy IDE quirk: reg 0x18: [io  0x0170-0x0177]
[    1.176236] pci 0000:00:01.1: legacy IDE quirk: reg 0x1c: [io  0x0376]
[    1.210413] pci 0000:00:07.0: quirk: [io  0x4000-0x403f] claimed by PIIX4 ACPI
[    1.211882] pci 0000:00:07.0: quirk: [io  0x4100-0x410f] claimed by PIIX4 SMB
[    1.226602] ACPI: PCI Interrupt Link [LNKA] (IRQs 5 9 10 *11)
[    1.228360] ACPI: PCI Interrupt Link [LNKB] (IRQs 5 9 *10 11)
[    1.236354] ACPI: PCI Interrupt Link [LNKC] (IRQs 5 *9 10 11)
[    1.237961] ACPI: PCI Interrupt Link [LNKD] (IRQs 5 9 10 *11)
[    1.248124] ACPI: Enabled 2 GPEs in block 00 to 07
[    1.269884] vgaarb: setting as boot device: PCI:0000:00:02.0
[    1.278730] vgaarb: device added: PCI:0000:00:02.0,decodes=io+mem,owns=io+mem,locks=none
[    1.302843] vgaarb: loaded
[    1.309762] vgaarb: bridge control possible 0000:00:02.0
[    1.324368] SCSI subsystem initialized
[    1.325298] ACPI: bus type USB registered
[    1.326110] usbcore: registered new interface driver usbfs
[    1.327129] usbcore: registered new interface driver hub
[    1.328094] usbcore: registered new device driver usb
[    1.335583] PCI: Using ACPI for IRQ routing
[    1.349768] NetLabel: Initializing
[    1.359486] NetLabel:  domain hash size = 128
[    1.360323] NetLabel:  protocols = UNLABELED CIPSOv4
[    1.364556] NetLabel:  unlabeled traffic allowed by default
[    1.366022] amd_nb: Cannot enumerate AMD northbridges
[    1.379886] clocksource: Switched to clocksource kvm-clock
[    1.392956] AppArmor: AppArmor Filesystem Enabled
[    1.394033] pnp: PnP ACPI init
[    1.395470] pnp: PnP ACPI: found 3 devices
[    1.407386] clocksource: acpi_pm: mask: 0xffffff max_cycles: 0xffffff, max_idle_ns: 2085701024 ns
[  1.409121] NET: Registered protocol family 2

[    1.462601] TCP estblhed hash table entries: 8192 (order: 4, 65536 bytes)
[    1.551265] TCP bind hash table entries: 8192 (der: 5, 131072 bytes)
[    1.607974] TCP: Hash tables configured (established 8192 bind 8192)
[    1.609264] UDP hash table entries: 512 (order: 2, 16384 bytes)
[    1.610338] UDP-Liteash table entries: 512 (order: 2, 16384 bytes)
[    1.661692] NET: Registered protcol family 1
[    1.686666] pci 0000:00:00.0: Limiting direct PCI/PCI transfers
[    1.687726] pci 0000:00:01.0: Actatg A A hang workarounds
[    1.883833] Unpacking initramfs...

[    2.150721] Freeing initrd memory: 14840K
[    2.159103] clocksource: tsc: mask: 0xffffffffffffffff max_cycles: 0x2717868ea45, max_idle_ns: 440795316085 ns
[    2.168238] platform rtc_cmos: registered platform RTC device (no PNP device found)
[    2.178323] Scanning for low memory corruption every 60 seconds
[    2.180684] audit: initializing netlink subsys (disabled)
[    2.181815] audit: type=2000 audit(1576583809.220:1): initialized
[    2.183379] Initialise system trusted keyring
[    2.184811] HugeTLB registered 2 MB page size, pre-allocated 0 pages
[    2.194077] zbud: loaded
[    2.195420] VFS: Disk quotas dquot_6.6.0
[    2.196541] VFS: Dquot-cache hash table entries: 512 (order 0, 4096 bytes)
[    2.204720] squashfs: version 4.0 (2009/01/31) Phillip Lougher
[    2.206439] fuse init (API version 7.23)
[    2.207669] Key type big_key registered
[    2.208700] Allocating IMA MOK and blacklist keyrings.
[    2.211096] Key type asymmetric registered
[    2.212139] Asymmetric key parser 'x509' registered
[    2.213234] Block layer SCSI generic (bsg) driver version 0.4 loaded (major 249)
[    2.215131] io scheduler noop registered
[    2.224378] io scheduler deadline registered (default)
[    2.254221] io scheduler cfq registered
[    2.256823] pci_hotplug: PCI Hot Plug PCI Core version: 0.5
[    2.258199] pciehp: PCI Express Hot Plug Controller Driver version: 0.4
[    2.308805] ACPI: AC Adapter [AC] (on-line)
[    2.309679] input: Power Button as /devices/LNXSYSTM:00/LNXPWRBN:00/input/input0
[    2.324181] ACPI: Power Button [PWRF]
[    2.348852] input: Sleep Button as /devices/LNXSYSTM:00/LNXSLPBN:00/input/input1
[    2.405577] ACPI: Sleep Button [SLPF]
[    2.429060] GHES: HEST is not enabled!
[    2.429864] ACPI: Battery Slot [BAT0] (battery present)
[    2.460698] Serial: 8250/16550 driver, 32 ports, IRQ sharing enabled
[    2.485102] 00:02: ttyS0 at I/O 0x3f8 (irq = 4, base_baud = 115200) is a 16550A
[    2.507696] Linux agpgart interface v0.103
[    2.512540] loop: module loaded
[    2.535791] scsi host0: ata_piix
[    2.536900] scsi host1: ata_piix
[    2.537704] ata1: PATA max UDMA/33 cmd 0x1f0 ctl 0x3f6 bmdma 0xd000 irq 14
[    2.546080] ata2: PATA max UDMA/33 cmd 0x170 ctl 0x376 bmdma 0xd008 irq 15
[    2.577949] libphy: Fixed MDIO Bus: probed
[    2.584912] tun: Universal TUN/TAP device driver, 1.6
[    2.610747] tun: (C) 1999-2004 Max Krasnyansky <maxk@qualcomm.com>
[    2.618522] PPP generic driver version 2.4.2
[    2.627873] ehci_hcd: USB 2.0 'Enhanced' Host Controller (EHCI) Driver
[    2.631311] ehci-pci: EHCI PCI platform driver
[    2.648642] ehci-platform: EHCI generic platform driver
[    2.664262] ohci_hcd: USB 1.1 'Open' Host Controller (OHCI) Driver
[    2.665511] ohci-pci: OHCI PCI platform driver
[    2.666372] ohci-platform: OHCI generic platform driver
[    2.667643] uhci_hcd: USB Universal Host Controller Interface driver
[    2.682396] i8042: PNP: PS/2 Controller [PNP0303:PS2K,PNP0f03:PS2M] at 0x60,0x64 irq 1,12
[    2.696965] serio: i8042 KBD port at 0x60,0x64 irq 1
[    2.714445] serio: i8042 AUX port at 0x60,0x64 irq 12
[    2.729421] mousedev: PS/2 mouse device common for all mice
[    2.731131] rtc_cmos rtc_cmos: rtc core: registered rtc_cmos as rtc0
[    2.740850] input: AT Translated Set 2 keyboard as /devices/platform/i8042/serio0/input/input2
[    2.757126] rtc_cmos rtc_cmos: alarms up to one day, 114 bytes nvram
[    2.767295] i2c /dev entries driver
[    2.805587] device-mapper: uevent: version 1.0.3
[    2.813567] device-mapper: ioctl: 4.34.0-ioctl (2015-10-28) initialised: dm-devel@redhat.com
[    2.815187] ledtrig-cpu: registered to indicate activity on CPUs
[    2.817218] NET: Registered protocol family 10
[    2.818480] NET: Registered protocol family 17
[    2.819482] Key type dns_resolver registered
[    2.820925] registered taskstats version 1
[    2.835477] Loading compiled-in X.509 certificates
[    2.838613] Loaded X.509 cert 'Build time autogenerated kernel key: f0e56e97f406068ace47a9bf54316e9855aaaa43'
[    2.840628] zswap: loaded using pool lzo/zbud
[    2.850284] Key type trusted registered
[    2.854312] Key type encrypted registered
[    2.855163] AppArmor: AppArmor sha1 policy hashing enabled
[    2.856147] ima: No TPM chip found, activating TPM-bypass!
[    2.857190] ima: Allocated hash algorithm: sha1
[    2.858268] evm: HMAC attrs: 0x1
[    2.866628]   Magic number: 15:371:934
[    2.873259] rtc_cmos rtc_cmos: setting system clock to 2019-12-17 11:56:46 UTC (1576583806)
[    2.895588] BIOS EDD facility v0.16 2004-Jun-25, 0 devices found
[    2.932733] EDD information not available.
[    2.937230] Freeing unused kernel memory: 1488K
[    2.953444] Write protecting the kernel read-only data: 14336k
[    3.169828] Freeing unused kernel memory: 1604K
[    3.170842] Freeing unused kernel memory: 60K
Loading, please wait...
starting version 229
[    3.185098] random: systemd-udevd: uninitialized urandom read (16 bytes read, 3 bits of entropy available)
[    3.185513] random: udevadm: uninitialized urandom read (16 bytes read, 3 bits of entropy available)
[    3.185533] random: udevadm: uninitialized urandom read (16 bytes read, 3 bits of entropy available)
[    3.193028] random: udevadm: uninitialized urandom read (16 bytes read, 3 bits of entropy available)
[    3.193067] random: udevadm: uninitialized urandom read (16 bytes read, 3 bits of entropy available)
[    3.193183] random: udevadm: uninitialized urandom read (16 bytes read, 3 bits of entropy available)
[    3.193225] random: udevadm: uninitialized urandom read (16 bytes read, 3 bits of entropy available)
[    3.193299] random: udevadm: uninitialized urandom read (16 bytes read, 3 bits of entropy available)
[    3.193370] random: udevadm: uninitialized urandom read (16 bytes read, 3 bits of entropy available)
[    3.193415] random: udevadm: uninitialized urandom read (16 bytes read, 3 bits of entropy available)
[    3.262868] e1000: Intel(R) PRO/1000 Network Driver - version 7.3.21-k8-NAPI
[    3.264410] e1000: Copyright (c) 1999-2006 Intel Corporation.
[    3.270344] Fusion MPT base driver 3.04.20
[    3.271428] Copyright (c) 1999-2008 LSI Corporation
[    3.285415] Fusion MPT SPI Host driver 3.04.20
[    3.317282] AVX2 version of gcm_enc/dec engaged.
[    3.318347] AES CTR mode by8 optimization enabled
[    3.482540] input: ImExPS/2 Generic Explorer Mouse as /devices/platform/i8042/serio1/input/input4
[    3.671870] e1000 0000:00:03.0 eth0: (PCI:33MHz:32-bit) 02:4f:25:6a:cc:77
[    3.715862] e1000 0000:00:03.0 eth0: Intel(R) PRO/1000 Network Connection
[    4.122666] e1000 0000:00:08.0 eth1: (PCI:33MHz:32-bit) 08:00:27:30:28:2b
[    4.132323] e1000 0000:00:08.0 eth1: Intel(R) PRO/1000 Network Connection
[    4.141854] e1000 0000:00:03.0 enp0s3: renamed from eth0
[    4.143541] mptbase: ioc0: Initiating bringup
[    4.164988] e1000 0000:00:08.0 enp0s8: renamed from eth1
[    4.220194] ioc0: LSI53C1030 A0: Capabilities={Initiator}
[    4.395636] scsi host2: ioc0: LSI53C1030 A0, FwRev=00000000h, Ports=1, MaxQ=256, IRQ=20
[    4.614036] scsi 2:0:0:0: Direct-Access     VBOX     HARDDISK         1.0  PQ: 0 ANSI: 5
[    4.624046] scsi target2:0:0: Beginning Domain Validation
[    4.719020] scsi target2:0:0: Domain Validation skipping write tests
[    4.738412] scsi target2:0:0: Ending Domain Validation
[    4.739958] scsi target2:0:0: asynchronous
[    4.743799] scsi 2:0:1:0: Direct-Access     VBOX     HARDDISK         1.0  PQ: 0 ANSI: 5
[    5.397263] scsi target2:0:1: Beginning Domain Validation
[    5.410001] scsi target2:0:1: Domain Validation skipping write tests
[    5.716520] scsi target2:0:1: Ending Domain Validation
[    5.719863] scsi target2:0:1: asynchronous
[    5.733845] sd 2:0:0:0: Attached scsi generic sg0 type 0
[    5.737968] sd 2:0:0:0: [sda] 20971520 512-byte logical blocks: (10.7 GB/10.0 GiB)
[    5.738473] sd 2:0:1:0: [sdb] 20480 512-byte logical blocks: (10.5 MB/10.0 MiB)
[    5.738620] sd 2:0:1:0: Attached scsi generic sg1 type 0
[    5.738710] sd 2:0:1:0: [sdb] Write Protect is off
[    5.738856] sd 2:0:1:0: [sdb] Incomplete mode parameter data
[    5.738858] sd 2:0:1:0: [sdb] Assuming drive cache: write through
[    5.754715] sd 2:0:1:0: [sdb] Attached SCSI disk
[    5.804630] sd 2:0:0:0: [sda] Write Protect is off
[    5.809117] sd 2:0:0:0: [sda] Incomplete mode parameter data
[    5.811149] sd 2:0:0:0: [sda] Assuming drive cache: write through
[    5.832998]  sda: sda1
[    5.835820] sd 2:0:0:0: [sda] Attached SCSI disk
Begin: Loading essential drivers[    7.230562] md: linear personality registered for level -1
 ... [    7.309598] md: multipath personality registered for level -4
[    7.400051] md: raid0 personality registered for level 0
[    7.497077] md: raid1 personality registered for level 1
[    7.597184] raid6: sse2x1   gen()  8013 MB/s
[    7.668738] raid6: sse2x1   xor()  2605 MB/s
[    7.739876] raid6: sse2x2   gen()  7310 MB/s
[    7.808169] raid6: sse2x2   xor()  8503 MB/s
[    7.876040] raid6: sse2x4   gen() 13583 MB/s
[    7.956569] raid6: sse2x4   xor()  9041 MB/s
[    8.032694] raid6: avx2x1   gen() 18457 MB/s
[    8.112743] raid6: avx2x2   gen() 18087 MB/s
[    8.180185] raid6: avx2x4   gen() 20233 MB/s
[    8.184484] raid6: using algorithm avx2x4 gen() 20233 MB/s
[    8.185688] raid6: using avx2x2 recovery algorithm
[    8.188685] xor: automatically using best checksumming function:
[    8.228168]    avx       : 18153.000 MB/sec
[    8.235182] async_tx: api initialized (async)
[    8.251668] md: raid6 personality registered for level 6
[    8.252919] md: raid5 personality registered for level 5
[    8.260803] md: raid4 personality registered for level 4
[    8.270878] md: raid10 personality registered for level 10
done.
Begin: Running /scripts/init-premount ... done.
Begin: Mounting root file system ... Begin: Running /scripts/local-top ... done.
Begin: Running /scripts/local-premount ... [    8.300650] Btrfs loaded
Scanning for Btrfs filesystems
done.
Warning: fsck not present, so skipping root file system
[    8.332715] EXT4-fs (sda1): mounted filesystem with ordered data mode. Opts: (null)
done.
Begin: Running /scripts/local-bottom ... done.
Begin: Running /scripts/init-bottom ... done.
[    8.474610] systemd[1]: systemd 229 running in system mode. (+PAM +AUDIT +SELINUX +IMA +APPARMOR +SMACK +SYSVINIT +UTMP +LIBCRYPTSETUP +GCRYPT +GNUTLS +ACL +XZ -LZ4 +SECCOMP +BLKID +ELFUTILS +KMOD -IDN)
[    8.479376] systemd[1]: Detected virtualization oracle.
[    8.486559] systemd[1]: Detected architecture x86-64.

Welcome to [1mUbuntu 16.04.6 LTS[0m!

[    8.491044] systemd[1]: Set hostname to <ubuntu>.
[    8.497633] systemd[1]: Initializing macine ID from random generator.
[    8.547388] systemd[1]: Installed transient /etc/machine-id file.
[    8.821831] systemd[1]: Listening on LVM2 metadata daemon socket.
[[0;32m  OK  [0m] Listening on LVM2 metadata daemon socket.
[    8.826388] systemd[1]: Listening on Device-mapper event daemon FIFOs.
[[0;32m  OK  [0m] Listening on Device-mapper event daemon FIFOs.
[    8.830625] system1]: Listening on Syslog Socket.
[[0;32m  OK  [0m] Listening on Syslog Socket.
[    8.892583] systemd[1]: Listening on Journal Socket.
[[0;32m  OK  [0m] Listening on Journal Socket.
[    8.896063] systemd[1]: Listening on udev Control Socket.
[[0;32m  OK  [0m] Listening on udev Control Socket.
[    8.899546] systemd[1]: Started Forward Password Requests to Wall Directory Watch.
[[0;32m  OK  [0m] Started Forward Password Requests to Wall Directory Watch.
[    8.904375] systemd[1]: Started Trigger resolvconf update for networkd DNS.
[[0;32m  OK  [0m] Started Trigger resolvconf update for networkd DNS.
[    9.108345] systemd[1]: Listening on LVM2 poll daemon socket.
[[0;32m  OK  [0m] Listening on LVM2 poll daemon socket.
[    9.112737] systemd[1]: Listening on Journal Socket (/dev/log).
[[0;32m  OK  [0m] Listening on Journal Socket (/dev/log).
[    9.117467] systemd[1]: Listening on /dev/initctl Compatibility Named Pipe.
[[0;32m  OK  [0m] Listening on /dev/initctl Compatibility Named Pipe.
[    9.121553] systemd[1]: Set up automount Arbitrary Executable File Formats File System Automount Point.
[[0;32m  OK  [0m] Set up automount Arbitrary Executab...ats File System Automount Point.
[    9.153345] systemd[1]: Reached target System Time Synchronized.
[[0;32m  OK  [0m] Reached target System Time Synchronized.
[    9.159588] systemd[1]: Listening on Journal Audit Socket.
[[0;32m  OK  [0m] Listening on Journal Audit Socket.
[    9.171090] systemd[1]: Reached target User and Group Name Lookups.
[[0;32m  OK  [0m] Reached target User and Group Name Lookups.
[    9.174833] systemd[1]: Reached target Swap.
[[0;32m  OK  [0m] Reached target Swap.
[    9.179044] systemd[1]: Listening on udev Kernel Socket.
[[0;32m  OK  [0m] Listening on udev Kernel Socket.
[    9.182641] systemd[1]: Created slice User and Session Slice.
[[0;32m  OK  [0m] Created slice User and Session Slice.
[    9.186349] systemd[1]: Created slice System Slice.
[[0;32m  OK  [0m] Created slice System Slice.
[    9.204201] systemd[1]: Starting Create list of required static device nodes for the current kernel...
         Starting Create list of required st... nodes for the current kernel...
[    9.212794] systemd[1]: Starting Journal Service...
         Starting Journal Service...
[    9.230632] systemd[1]: Created slice system-serial\x2dgetty.slice.
[[0;32m  OK  [0m] Created slice system-serial\x2dgetty.slice.
[    9.280651] systemd[1]: Mounting Debug File System...
         Mounting Debug File System...
[    9.340901] systemd[1]: Starting Remount Root and Kernel File Systems...
         [    9.346114] EXT4-fs (sda1): re-mounted. Opts: (null)
Starting Remount Root and Kernel File Systems...
[    9.489939] systemd[1]: Reached target Slices.
[[0;32m  OK  [0m[    9.491752] random: nonblocking pool is initialized
] Reached target Slices.
[    9.520826] systemd[1]: Mounting POSIX Message Queue File System...
         Mounting POSIX Message Queue File System...
[    9.546023] systemd[1]: Mounting Huge Pages File System...
         Mounting Huge Pages File System...
[    9.573802] systemd[1]: Starting Uncomplicated firewall...
         Starting Uncomplicated firewall...
[    9.584868] systemd[1]: Starting Monitoring of LVM2 mirrors, snapshots etc. using dmeventd or progress polling...
         Starting Monitoring of LVM2 mirrors... dmeventd or progress polling...
[    9.668636] systemd[1]: Starting Load Kernel Modules...
         Starting Load Kernel Modules...
[    9.672490] systemd[1]: Starting Nameserver information manager...
         Starting Nameserver inf[    9.685216] Loading iSCSI transport class v2.0-870.
ormation manager...
[    9.713729] systemd[1]: Reached target Encrypted Volumes.
[[0;32m  OK  [0m] Reached target Encrypted Vol[    9.731954] iscsi: registered transport (tcp)
umes.
[    9.739757] systemd[1]: Starting Set console keymap...
         Starting Set console keymap...
[    9.749621] systemd[1]: Mounted Debug File System.
[[0;32m  OK  [0m] Mounted Debug File System.
[    9.763656] systemd[1]: Mounted Huge Pages File System.
[[0;32m  OK  [0m] Mounted Huge Pages File System.
[    9.783142] systemd[1]: Mounted POSIX Message Queue File System.
[[0;32m  OK  [0[    9.804422] iscsi: registered transport (iser)
m] Mounted POSIX Message Queue File System.
[    9.833183] systemd[1]: Started Journal Service.
[[0;32m  OK  [0m] Started Journal Service.
[[0;32m  OK  [0m] Started Create list of required sta...ce nodes for the current kernel.
[[0;32m  OK  [0m] Started Remount Root and Kernel File Systems.
[[0;32m  OK  [0m] Started Uncomplicated firewall.
[[0;32m  OK  [0m] Started Load Kernel Modules.
[[0;32m  OK  [0m] Started Set console keymap.
[[0;32m  OK  [0m] Started Nameserver information manager.
[[0;32m  OK  [0m] Started LVM2 metadata daemon.
         Starting Apply Kernel Variables...
         Mounting FUSE Control File System...
         Starting udev Coldplug all Devices...
         Starting Load/Save Random Seed...
         Starting Create Static Device Nodes in /dev...
         Starting Flush Journal to Persistent Storage...
[[0;32m  OK  [0m] Mounted FUSE Control File System.
[[0;32m  OK  [0m] Started Apply Kernel Variables.
[[0;32m  OK  [0m] Started Load/Save Random Seed.
[[0;32m  OK  [0m] Started Create Static Device Nodes in /dev.
[[0;32m  OK  [0m] Started Flush Journal to Persistent Storage.
[[0;32m  OK  [0m] Started udev Coldplug all Devices.
         Starting udev Kernel Device Manager...
[[0;32m  OK  [0m] Started udev Kernel Device Manager.
[[0;32m  OK  [0m] Started Dispatch Password Requests to Console Directory Watch.
[[0;32m  OK  [0m] Started Monitoring of LVM2 mirrors,...ng dmeventd or progress polling.
[[0;32m  OK  [0m] Reached target Local File Systems (Pre).
[[0;32m  OK  [0m] Reached target Local File Systems.
         Starting Set console font and keymap...
         Starting Initial cloud-init job (pre-networking)...
         Starting Create Volatile Files and Directories...
         Starting Tell Plymouth To Write Out Runtime Data...
         Starting Commit a transient machine-id on disk...
         Starting LSB: AppArmor initialization...
[[0;32m  OK  [0m] Started Tell Plymouth To Write Out Runtime Data.
[[0;32m  OK  [0m] Started Create Volatile Files and Directories.
[[0;32m  OK  [0m] Started Commit a transient machine-id on disk.
         Starting Update UTMP about System Boot/Shutdown...
[[0;32m  OK  [0m] Found device /dev/ttyS0.
[[0;32m  OK  [0m] Started Update UTMP about System Boot/Shutdown.
[[0;32m  OK  [0m] Listening on Load/Save RF Kill Switch Status /dev/rfkill Watch.
[[0;32m  OK  [0m] Started LSB: AppArmor initialization.
[   10.907470] cloud-init[485]: Cloud-init v. 19.2-36-g059d049c-0ubuntu2~16.04.1 running 'init-local' at Tue, 17 Dec 2019 11:56:54 +0000. Up 10.44 seconds.
[[0;32m  OK  [0m] Started Set console font and keymap.
[[0;32m  OK  [0m] Started Initial cloud-init job (pre-networking).
[[0;32m  OK  [0m] Reached target Network (Pre).
         Starting Raise network interfaces...
[[0;32m  OK  [0m] Created slice system-getty.slice.
[[0;32m  OK  [0m] Started Raise network interfaces.
[[0;32m  OK  [0m] Reached target Network.
         Starting Initial cloud-init job (metadata service crawler)...
[   12.278406] cloud-init[950]: Cloud-init v. 19.2-36-g059d049c-0ubuntu2~16.04.1 running 'init' at Tue, 17 Dec 2019 11:56:56 +0000. Up 11.57 seconds.
[   12.289039] cloud-init[950]: ci-info: ++++++++++++++++++++++++++++++++++++++Net device info+++++++++++++++++++++++++++++++++++++++
[   12.296895] cloud-init[950]: ci-info: +--------+-------+----------------------------+---------------+--------+-------------------+
[   12.315782] cloud-init[950]: ci-info: | Device |   Up  |          Address           |      Mask     | Scope  |     Hw-Address    |
[   12.338918] cloud-init[950]: ci-info: +--------+-------+----------------------------+---------------+--------+-------------------+
[   12.345942] cloud-init[950]: ci-info: | enp0s3 |  True |         10.0.2.15          | 255.255.255.0 | global | 02:4f:25:6a:cc:77 |
[[0;32m  OK  [0m] Started Initial cloud-init job (metadata service crawler).
[[0;32m  OK  [0m] Reached target Cloud-config availability.[   12.429020] cloud-init[950]: ci-info: | enp0s3 |  True | fe80::4f:25ff:fe6a:cc77/64 |       .       |  link  | 02:4f:25:6a:cc:77 |

[[0;32m  OK  [0m] Reached target Network is Online.
[   12.443216] cloud-init[950]: ci-info: | enp0s8 | False |             .              |       .       |   .    | 08:00:27:30:28:2b |
[   12.447411] cloud-init[950]: ci-info: |   lo   |  True |         127.0.0.1          |   255.0.0.0   |  host  |         .         |
[   12.452308] cloud-init[950]: ci-info: |   lo   |  True |          ::1/128           |       .       |  host  |         .         |
[   12.454919] cloud-init[950]: ci-info: +--------+-------+----------------------------+---------------+--------+-------------------+
[   12.457662] cloud-init[950]: ci-info: +++++++++++++++++++++++++++Route IPv4 info++++++++++++++++++++++++++++         Starting iSCSI initiator daemon (iscsid)...
[[0;32m  OK  [0m] Reached target System Initialization.
[[0;32m  OK  [0m] Listening on ACPID Listen Socket.
[[0;32m  OK  [0m] Started Daily Cleanup of Temporary Directories.
[[0;32m  OK  [0m] Started Daily apt download activities.
[[0;32m  OK  [0m] Started Daily apt upgrade and clean activities.

[   12.489100] cloud-init[950]: ci-info: +-------+-------------+----------+---------------+-----------+-------+
[   12.489492] cloud-init[950]: ci-info: | Route | Destination | Gateway  |    Genmask    | Interface | Flags |
[   12.489664] cloud-init[950]: ci-info: +-------+-------------+----------+---------------+-----------+-------+
[[0;32m  OK  [0m] Started ACPI Events Check.
[   12.489845] cloud-init[950]: ci-info: |   0   |   0.0.0.0   | 10.0.2.2 |    0.0.0.0    |   enp0s3  |   UG  |
[   12.519656] cloud-init[950]: ci-info: |   1   |   10.0.2.0  | 0.0.0.0  | 255.255.255.0 |   enp0s3  |   U   |
[   12.520084] cloud-init[950]: ci-info: +-------+-------------+----------+---------------+-----------+-------+
[   12.520225] cloud-init[950]: ci-info: +++++++++++++++++++Route IPv6 info+++++++++++++++++++
[   12.520404] cloud-init[950]: ci-info: +-------+-------------+---------+-----------+-------+
[   12.520615] cloud-init[950]: ci-info: | Route | Destination | Gateway | Interface | Flags |
[   12.520783] cloud-init[950]: ci-info: +-------+-------------+---------+-----------+-------+
[   12.521199] cloud-init[950]: ci-info: |   0   |  fe80::/64  |    ::   |   enp0s3  |   U   |
[   12.521419] cloud-init[950]: ci-info: |   3   |   ff00::/8  |    ::   |   enp0s3  |   U   |
[   12.521551] cloud-init[950]: ci-info: +-------+-------------+---------+-----------+-------+
[[0;32m  OK  [0m] Reached target Paths.
[   12.563047] cloud-init[950]: Generating public/private rsa key pair.
[   12.563360] cloud-init[950]: Your identification has been saved in /etc/ssh/ssh_host_rsa_key.
[   12.563523] cloud-init[950]: Your public key has been saved in /etc/ssh/ssh_host_rsa_key.pub.
[   12.563675] cloud-init[950]: The key fingerprint is:
[   12.563847] cloud-init[950]: SHA256:lleDofqNvKO1iegPE241nVEnPAMastakde3IwcV6tW0 root@ubuntu-xenial
[   12.564199] cloud-init[950]: The key's randomart image is:
[   12.564339] cloud-init[950]: +---[RSA 2048]----+
[   12.564496] cloud-init[950]: |    . +.o*= .    |
[   12.564656] cloud-init[950]: |     B +oo*=.    |
[[0;32m  OK  [0m] Listening on D-Bus System Message Bus Socket.
[   12.564812] cloud-init[950]: |    + o.o=.+oo   |
[   12.574306] cloud-init[950]: |   .   o++o...E  |
[   12.574652] cloud-init[950]: |    . + S..  .   |
[   12.575064] cloud-init[950]: |   . o = +       |
[   12.575281] cloud-init[950]: |    =   = .      |
[   12.575474] cloud-init[950]: |   . + o.+       |
[   12.575812] cloud-init[950]: |   .o.+.+.       |
[   12.575962] cloud-init[950]: +----[SHA256]-----+
[   12.576297] cloud-init[950]: Generating public/private dsa key pair.
[   12.576472] cloud-init[950]: Your identification has been saved in /etc/ssh/ssh_host_dsa_key.
[   12.576641] cloud-init[950]: Your public key has been saved in /etc/ssh/ssh_host_dsa_key.pub.
[   12.576787] cloud-init[950]: The key fingerprint is:
[   12.576946] cloud-init[950]: SHA256:f/mTtk/KM9Jxu94fsLfL8mqllRXWp3y87rPJRDJCx6c root@ubuntu-xenial
[   12.577106] cloud-init[950]: The key's randomart image is:
[   12.577268] cloud-init[950]: +---[DSA 1024]----+
[   12.577428] cloud-init[950]: |                .|
[   12.577615] cloud-init[950]: |            .  oo|
[   12.577776] cloud-init[950]: |           . +.+o|
[   12.577935] cloud-init[950]: |          . . = +|
[   12.578104] cloud-init[950]: |        S  . E o+|
[   12.578266] cloud-init[950]: |         .  ..B=.|
[   12.578425] cloud-init[950]: |          . oo=Bo|
[   12.579787] cloud-init[950]: |           ..*%*=|
[   12.579930] cloud-init[950]: |            .+@^X|
[   12.580288] cloud-init[950]: +----[SHA256]-----+
[   12.580506] cloud-init[950]: Generating public/private ecdsa key pair.
         Starting Socket activation for snappy daemon.
[   12.580668] cloud-init[950]: Your identification has been saved in /etc/ssh/ssh_host_ecdsa_key.
[   12.580716] cloud-init[950]: Your public key has been saved in /etc/ssh/ssh_host_ecdsa_key.pub.
[   12.600349] cloud-init[950]: The key fingerprint is:
[   12.600514] cloud-init[950]: SHA256:24iMFJSsHvPcyv22vIk0gNBRcZyhAk6CI9yGxUjfzNA root@ubuntu-xenial
[   12.600688] cloud-init[950]: The key's randomart image is:
[   12.600937] cloud-init[950]: +---[ECDSA 256]---+
[   12.601165] cloud-init[950]: |*oB==+oo         |
[   12.601309] cloud-init[950]: |B*.*BEo          |
[   12.601478] cloud-init[950]: |oo+oo+           |
[   12.601630] cloud-init[950]: | .+o .           |
[   12.601787] cloud-init[950]: | ..=o.  S        |
[   12.601967] cloud-init[950]: |  ..o+.. +       |
[   12.602117] cloud-init[950]: |   ..o= o .      |
[   12.602269] cloud-init[950]: |    o..+..       |
[   12.602425] cloud-init[950]: |      .o*o       |
[   12.602583] cloud-init[950]: +----[SHA256]-----+
[   12.602740] cloud-init[950]: Generating public/private ed25519 key pair.
[   12.602913] cloud-init[950]: Your identification has been saved in /etc/ssh/ssh_host_ed25519_key.
[   12.603072] cloud-init[950]: Your public key has been saved in /etc/ssh/ssh_host_ed25519_key.pub.
[   12.603227] cloud-init[950]: The key fingerprint is:
[   12.603384] cloud-init[950]: SHA256:vBhzUexc/adsgjhNk3w7mkksR6WIbeH1v1exREpe2+g root@ubuntu-xenial
[   12.603541] cloud-init[950]: The key's randomart image is:
[   12.603697] cloud-init[950]: +--[ED25519 256]--+
[   12.603854] cloud-init[950]: |         ..  .   |
[   12.604302] cloud-init[950]: |        ..o o..o |
[   12.604679] cloud-init[950]: |       +.B *o +oo|
[   12.604797] cloud-init[950]: |      ..=.X oo.++|
[   12.605005] cloud-init[950]: |      o.S* + =..+|
[   12.605165] cloud-init[950]: |       =+.* + E..|
[   12.605343] cloud-init[950]: |      . .= + + ..|
[   12.605519] cloud-init[950]: |          +   . .|
[   12.605701] cloud-init[950]: |               . |
[   12.606089] cloud-init[950]: +----[SHA256]-----+
[[0;32m  OK  [0m] Started Message of the Day.
[[0;32m  OK  [0m] Reached target Timers.
[[0;32m  OK  [0m] Listening on UUID daemon activation socket.
         Starting LXD - unix socket.
[[0;32m  OK  [0m] Listening on Socket activation for snappy daemon.
[[0;32m  OK  [0m] Listening on LXD - unix socket.
[[0;32m  OK  [0m] Started iSCSI initiator daemon (iscsid).
         Starting Login to default iSCSI targets...
[[0;32m  OK  [0m] Reached target Sockets.
[[0;32m  OK  [0m] Reached target Basic System.
         Starting Virtualbox guest utils...
         Starting Accounts Service...
         Starting Login Service...
         Starting System Logging Service...
         Starting Pollinate to seed the pseudo random number generator...
         Starting LSB: Record successful boot for GRUB...
         Starting LXD - container startup/shutdown...
         Starting LSB: MD monitoring daemon...
         Starting /etc/rc.local Compatibility...
[[0;32m  OK  [0m] Started FUSE filesystem for LXC.
[[0;32m  OK  [0m] Started D-Bus System Message Bus.
[[0;32m  OK  [0m] Started Deferred execution scheduler.
[[0;32m  OK  [0m] Started ACPI event daemon.
         Starting Snappy daemon...
[[0;32m  OK  [0m] Started Regular background program processing daemon.
[[0;32m  OK  [0m] Started System Logging Service.
[[0;32m  OK  [0m] Started Pollinate to seed the pseudo random number generator.
[[0;32m  OK  [0m] Started LXD - container startup/shutdown.
[[0;32m  OK  [0m] Started /etc/rc.local Compatibility.
[[0;32m  OK  [0m] Started Login to default iSCSI targets.
[[0;32m  OK  [0m] Started LSB: Record successful boot for GRUB.
[[0;32m  OK  [0m] Started LSB: MD monitoring daemon.
[[0;32m  OK  [0m] Started Snappy daemon.
[[0;32m  OK  [0m] Started Virtualbox guest utils.
[[0;32m  OK  [0m] Started Login Service.
[[0;32m  OK  [0m] Started Unattended Upgrades Shutdown.
         Starting Authenticate and Authorize Users to Run Privileged Tasks...
         Starting Wait until snapd is fully seeded...
[[0;32m  OK  [0m] Reached target Remote File Systems (Pre).
[[0;32m  OK  [0m] Reached target Remote File Systems.
         Starting LSB: daemon to balance interrupts for SMP systems...
         Starting Permit User Sessions...
         Starting LSB: Set the CPU Frequency Scaling governor to "ondemand"...
         Starting LSB: automatic crash report generation...
         Starting OpenBSD Secure Shell server...
[[0;32m  OK  [0m] Started Permit User Sessions.
[[0;32m  OK  [0m] Started Authenticate and Authorize Users to Run Privileged Tasks.
[[0;32m  OK  [0m] Started Accounts Service.
[[0;32m  OK  [0m] Started LSB: Set the CPU Frequency Scaling governor to "ondemand".
         Starting Terminate Plymouth Boot Screen...
         Starting Hold until boot process finishes up...
[[0;32m  OK  [0m] Started OpenBSD Secure Shell server.
[[0;32m  OK  [0m] Started LSB: automatic crash report generation.
[[0;32m  OK  [0m] Started Hold until boot process finishes up.
[[0;32m  OK  [0m] Started LSB: daemon to balance interrupts for SMP systems.
[[0;32m  OK  [0m] Started Terminate Plymouth Boot Screen.
[[0;32m  OK  [0m] Started Getty on tty1.
         Starting Set console scheme...
[[0;32m  OK  [0m] Started Serial Getty on ttyS0.
[[0;32m  OK  [0m] Reached target Login Prompts.
[[0;32m  OK  [0m] Started Set console scheme.
[[0;32m  OK  [0m] Started Wait until snapd is fully seeded.
         Starting Apply the settings specified in cloud-config...
[[0;32m  OK  [0m] Reached target Multi-User System.
[[0;32m  OK  [0m] Reached target Graphical Interface.
         Starting Update UTMP about System Runlevel Changes...
[[0;32m  OK  [0m] Started Update UTMP about System Runlevel Changes.
[   14.628366] cloud-init[1296]: Generating locales (this might take a while)...
[   15.489098] cloud-init[1296]:   en_US.UTF-8... done
[   15.521386] cloud-init[1296]: Generation complete.
[   15.872409] cloud-init[1296]: Cloud-init v. 19.2-36-g059d049c-0ubuntu2~16.04.1 running 'modules:config' at Tue, 17 Dec 2019 11:56:59 +0000. Up 14.48 seconds.
[[0;32m  OK  [0m] Started Apply the settings specified in cloud-config.
         Starting Execute cloud user/final scripts...
ci-info: no authorized ssh keys fingerprints found for user ubuntu.
<14>Dec 17 11:57:00 ec2: 
<14>Dec 17 11:57:00 ec2: #############################################################
<14>Dec 17 11:57:00 ec2: -----BEGIN SSH HOST KEY FINGERPRINTS-----
<14>Dec 17 11:57:00 ec2: 1024 SHA256:f/mTtk/KM9Jxu94fsLfL8mqllRXWp3y87rPJRDJCx6c root@ubuntu-xenial (DSA)
<14>Dec 17 11:57:00 ec2: 256 SHA256:24iMFJSsHvPcyv22vIk0gNBRcZyhAk6CI9yGxUjfzNA root@ubuntu-xenial (ECDSA)
<14>Dec 17 11:57:00 ec2: 256 SHA256:vBhzUexc/adsgjhNk3w7mkksR6WIbeH1v1exREpe2+g root@ubuntu-xenial (ED25519)
<14>Dec 17 11:57:00 ec2: 2048 SHA256:lleDofqNvKO1iegPE241nVEnPAMastakde3IwcV6tW0 root@ubuntu-xenial (RSA)
<14>Dec 17 11:57:00 ec2: -----END SSH HOST KEY FINGERPRINTS-----
<14>Dec 17 11:57:00 ec2: #############################################################
-----BEGIN SSH HOST KEY KEYS-----
ecdsa-sha2-nistp256 AAAAE2VjZHNhLXNoYTItbmlzdHAyNTYAAAAIbmlzdHAyNTYAAABBBGbmXAcwg3jSGllffu0wcJQQCfjWOhngwPJljsiT7xXhaF1sYb4GFUOmajecO+OiGeh7lMzPJ05l66tpeFQH7XA= root@ubuntu-xenial
ssh-ed25519 AAAAC3NzaC1lZDI1NTE5AAAAIN32iXFCQZsfR52MFNvS/7Z7SKvTiBKULadbuS18t6rd root@ubuntu-xenial
ssh-rsa AAAAB3NzaC1yc2EAAAADAQABAAABAQDNEdjPc5iefUP4GdeddHDZkvHUEffUUDSc0gq2BRh+7DLkgeoWeAi2aSXZZFTCoBJq7YsiZhl/2GIOppa4maBGzUcjpEStfLOf4wSf2bbn+qLJKqfHvYYTvnER3bIJRE2HyejuYU3Pg5CIAoaip8kZ6OGSMHLMQT0cPOnJpMQZ/xKlb0GSx+Yhhdu8vrv/jq11ppMWm+GNijKWTWlvYIq+RnSXswI5tORmba8s3bvflT/TYOSzi+4Y4hsY8NZoNsKuUetvCubDzgjzNw2tvW9cxWJtdBnplUMe4QHKwpio11SmdFdlaSMNxAV29JgwBJX9cDAL6zg0BGtGZ1U6Shbr root@ubuntu-xenial
-----END SSH HOST KEY KEYS-----
[   16.801095] cloud-init[1341]: Cloud-init v. 19.2-36-g059d049c-0ubuntu2~16.04.1 running 'modules:final' at Tue, 17 Dec 2019 11:57:00 +0000. Up 16.22 seconds.
[   16.833770] cloud-init[1341]: ci-info: no authorized ssh keys fingerprints found for user ubuntu.
[   16.863939] cloud-init[1341]: Cloud-init v. 19.2-36-g059d049c-0ubuntu2~16.04.1 finished at Tue, 17 Dec 2019 11:57:01 +0000. Datasource DataSourceNoCloud [seed=/dev/sdb][dsmode=net].  Up 16.78 seconds
[[0;32m  OK  [0m] Started Execute cloud user/final scripts.
[[0;32m  OK  [0m] Reached target Cloud-init target.

Ubuntu 16.04.6 LTS ubuntu-xenial ttyS0

ubuntu-xenial login: 